<?xml version="1.0" encoding="UTF-8"?>
<!-- Generated by org.testng.reporters.JUnitReportReporter -->
<testsuite hostname="AKSHAY" failures="0" tests="4" name="testNGExecution.testMethod5" time="0.006" errors="0" timestamp="2023-07-21T11:20:56 IST" skipped="0">
  <testcase classname="testNGExecution.testMethod5" name="testMethod6" time="0.000">
    <system-out>
      <![CDATA[thread id of testMethod6:1]]>
    </system-out>
  </testcase> <!-- testMethod6 -->
  <testcase classname="testNGExecution.testMethod5" name="testMethod5" time="0.000">
    <system-out>
      <![CDATA[thread id of testMethod5:1]]>
    </system-out>
  </testcase> <!-- testMethod5 -->
  <testcase classname="testNGExecution.testMethod5" name="testMethod5" time="0.003">
    <system-out>
      <![CDATA[thread id of testMethod5:1]]>
    </system-out>
  </testcase> <!-- testMethod5 -->
  <testcase classname="testNGExecution.testMethod5" name="testMethod6" time="0.003">
    <system-out>
      <![CDATA[thread id of testMethod6:1]]>
    </system-out>
  </testcase> <!-- testMethod6 -->
  <system-out>
    <![CDATA[thread id of testMethod1:1
thread id of testMethod2:1
thread id of testMethod5:1
thread id of testMethod6:1
thread id of testMethod3:1
thread id of testMethod4:1
thread id of testMethod1:1
thread id of testMethod2:1
thread id of testMethod5:1
thread id of testMethod6:1
thread id of testMethod3:1
thread id of testMethod4:1]]>
  </system-out>
</testsuite> <!-- testNGExecution.testMethod5 -->
