<?xml version="1.0" encoding="UTF-8"?>
<!-- Generated by org.testng.reporters.JUnitReportReporter -->
<testsuite hostname="AKSHAY" failures="0" tests="8" name="testNGAnnotation_Flags.Flag4" time="0.057" errors="0" timestamp="2023-07-24T11:08:38 IST" skipped="0">
  <testcase classname="testNGAnnotation_Flags.Flag4" name="d" time="0.040"/>
  <testcase classname="testNGAnnotation_Flags.Flag4" name="e" time="0.002"/>
  <testcase classname="testNGAnnotation_Flags.Flag4" name="f" time="0.003"/>
  <testcase classname="testNGAnnotation_Flags.Flag4" name="i" time="0.003"/>
  <testcase classname="testNGAnnotation_Flags.Flag4" name="p" time="0.002"/>
  <testcase classname="testNGAnnotation_Flags.Flag4" name="k" time="0.003"/>
  <testcase classname="testNGAnnotation_Flags.Flag4" name="m" time="0.002"/>
  <testcase classname="testNGAnnotation_Flags.Flag4" name="z" time="0.002"/>
</testsuite> <!-- testNGAnnotation_Flags.Flag4 -->
