<?xml version="1.0" encoding="UTF-8"?>
<!-- Generated by org.testng.reporters.JUnitReportReporter -->
<testsuite hostname="AKSHAY" failures="0" tests="1" name="TestNGPackage.Demo" time="0.025" errors="0" timestamp="2023-07-18T14:20:32 IST" skipped="0">
  <testcase classname="TestNGPackage.Demo" name="f" time="0.025"/>
</testsuite> <!-- TestNGPackage.Demo -->
