<?xml version="1.0" encoding="UTF-8"?>
<!-- Generated by org.testng.reporters.JUnitReportReporter -->
<testsuite hostname="AKSHAY" failures="0" tests="4" name="testNGExecution.testMethod3" time="0.004" errors="0" timestamp="2023-07-21T11:20:56 IST" skipped="0">
  <testcase classname="testNGExecution.testMethod3" name="testMethod3" time="0.002">
    <system-out>
      <![CDATA[thread id of testMethod3:1]]>
    </system-out>
  </testcase> <!-- testMethod3 -->
  <testcase classname="testNGExecution.testMethod3" name="testMethod3" time="0.000">
    <system-out>
      <![CDATA[thread id of testMethod3:1]]>
    </system-out>
  </testcase> <!-- testMethod3 -->
  <testcase classname="testNGExecution.testMethod3" name="testMethod4" time="0.000">
    <system-out>
      <![CDATA[thread id of testMethod4:1]]>
    </system-out>
  </testcase> <!-- testMethod4 -->
  <testcase classname="testNGExecution.testMethod3" name="testMethod4" time="0.002">
    <system-out>
      <![CDATA[thread id of testMethod4:1]]>
    </system-out>
  </testcase> <!-- testMethod4 -->
  <system-out>
    <![CDATA[thread id of testMethod1:1
thread id of testMethod2:1
thread id of testMethod5:1
thread id of testMethod6:1
thread id of testMethod3:1
thread id of testMethod4:1
thread id of testMethod1:1
thread id of testMethod2:1
thread id of testMethod5:1
thread id of testMethod6:1
thread id of testMethod3:1
thread id of testMethod4:1]]>
  </system-out>
</testsuite> <!-- testNGExecution.testMethod3 -->
