<?xml version="1.0" encoding="UTF-8"?>
<!-- Generated by org.testng.reporters.JUnitReportReporter -->
<testsuite hostname="AKSHAY" failures="0" tests="3" name="testNGAnnotation_Flags.Flag5" time="0.030" errors="0" timestamp="2023-07-24T11:15:49 IST" skipped="0">
  <testcase classname="testNGAnnotation_Flags.Flag5" name="loginMethod" time="0.026"/>
  <testcase classname="testNGAnnotation_Flags.Flag5" name="createUserMethod" time="0.002"/>
  <testcase classname="testNGAnnotation_Flags.Flag5" name="logoutMethod" time="0.002"/>
</testsuite> <!-- testNGAnnotation_Flags.Flag5 -->
