<?xml version="1.0" encoding="UTF-8"?>
<!-- Generated by org.testng.reporters.JUnitReportReporter -->
<testsuite hostname="AKSHAY" failures="0" tests="1" name="TestNGPackage.assertionMethod" time="4.650" errors="0" timestamp="2023-07-24T15:25:03 IST" skipped="0">
  <testcase classname="TestNGPackage.assertionMethod" name="assertionMethod1" time="4.650"/>
</testsuite> <!-- TestNGPackage.assertionMethod -->
